# JRE version: Java(TM) SE Runtime Environment (8.0_241-b07) (build 1.8.0_241-b07)
# Java VM: Java HotSpot(TM) 64-Bit Server VM (25.241-b07 mixed mode windows-amd64 compressed oops)
Heap:
 PSYoungGen      total 190976K, used 13109K [0x00000000eb700000, 0x00000000f8500000, 0x0000000100000000)
  eden space 177664K, 0% used [0x00000000eb700000,0x00000000eb700000,0x00000000f6480000)
  from space 13312K, 98% used [0x00000000f7800000,0x00000000f84cd470,0x00000000f8500000)
  to   space 15872K, 0% used [0x00000000f6600000,0x00000000f6600000,0x00000000f7580000)
 ParOldGen       total 49152K, used 29199K [0x00000000c2400000, 0x00000000c5400000, 0x00000000eb700000)
  object space 49152K, 59% used [0x00000000c2400000,0x00000000c4083c38,0x00000000c5400000)
 Metaspace       used 56079K, capacity 59078K, committed 59160K, reserved 1099776K
  class space    used 7590K, capacity 8092K, committed 8104K, reserved 1048576K
GC Heap History (10 events):
Event: 4.244 GC heap after
Heap after GC invocations=10 (full 1):
 PSYoungGen      total 130560K, used 7141K [0x00000000eb700000, 0x00000000f5480000, 0x0000000100000000)
  eden space 123392K, 0% used [0x00000000eb700000,0x00000000eb700000,0x00000000f2f80000)
  from space 7168K, 99% used [0x00000000f2f80000,0x00000000f3679690,0x00000000f3680000)
  to   space 9216K, 0% used [0x00000000f4b80000,0x00000000f4b80000,0x00000000f5480000)
 ParOldGen       total 31744K, used 11735K [0x00000000c2400000, 0x00000000c4300000, 0x00000000eb700000)
  object space 31744K, 36% used [0x00000000c2400000,0x00000000c2f75e68,0x00000000c4300000)
 Metaspace       used 29585K, capacity 31210K, committed 31488K, reserved 1077248K
  class space    used 4019K, capacity 4328K, committed 4352K, reserved 1048576K
}
Event: 4.759 GC heap before
{Heap before GC invocations=11 (full 1):
 PSYoungGen      total 130560K, used 43752K [0x00000000eb700000, 0x00000000f5480000, 0x0000000100000000)
  eden space 123392K, 29% used [0x00000000eb700000,0x00000000edac0a28,0x00000000f2f80000)
  from space 7168K, 99% used [0x00000000f2f80000,0x00000000f3679690,0x00000000f3680000)
  to   space 9216K, 0% used [0x00000000f4b80000,0x00000000f4b80000,0x00000000f5480000)
 ParOldGen       total 31744K, used 11735K [0x00000000c2400000, 0x00000000c4300000, 0x00000000eb700000)
  object space 31744K, 36% used [0x00000000c2400000,0x00000000c2f75e68,0x00000000c4300000)
 Metaspace       used 33694K, capacity 35420K, committed 35496K, reserved 1079296K
  class space    used 4674K, capacity 5009K, committed 5032K, reserved 1048576K
Event: 4.774 GC heap after
Heap after GC invocations=11 (full 1):
 PSYoungGen      total 151040K, used 8498K [0x00000000eb700000, 0x00000000f6f80000, 0x0000000100000000)
  eden space 141824K, 0% used [0x00000000eb700000,0x00000000eb700000,0x00000000f4180000)
  from space 9216K, 92% used [0x00000000f4b80000,0x00000000f53cc9a0,0x00000000f5480000)
  to   space 10240K, 0% used [0x00000000f4180000,0x00000000f4180000,0x00000000f4b80000)
 ParOldGen       total 31744K, used 13965K [0x00000000c2400000, 0x00000000c4300000, 0x00000000eb700000)
  object space 31744K, 43% used [0x00000000c2400000,0x00000000c31a3590,0x00000000c4300000)
 Metaspace       used 33694K, capacity 35420K, committed 35496K, reserved 1079296K
  class space    used 4674K, capacity 5009K, committed 5032K, reserved 1048576K
}
Event: 4.774 GC heap before
{Heap before GC invocations=12 (full 2):
 PSYoungGen      total 151040K, used 8498K [0x00000000eb700000, 0x00000000f6f80000, 0x0000000100000000)
  eden space 141824K, 0% used [0x00000000eb700000,0x00000000eb700000,0x00000000f4180000)
  from space 9216K, 92% used [0x00000000f4b80000,0x00000000f53cc9a0,0x00000000f5480000)
  to   space 10240K, 0% used [0x00000000f4180000,0x00000000f4180000,0x00000000f4b80000)
 ParOldGen       total 31744K, used 13965K [0x00000000c2400000, 0x00000000c4300000, 0x00000000eb700000)
  object space 31744K, 43% used [0x00000000c2400000,0x00000000c31a3590,0x00000000c4300000)
 Metaspace       used 33694K, capacity 35420K, committed 35496K, reserved 1079296K
  class space    used 4674K, capacity 5009K, committed 5032K, reserved 1048576K
Event: 4.872 GC heap after
Heap after GC invocations=12 (full 2):
 PSYoungGen      total 151040K, used 0K [0x00000000eb700000, 0x00000000f6f80000, 0x0000000100000000)
  eden space 141824K, 0% used [0x00000000eb700000,0x00000000eb700000,0x00000000f4180000)
  from space 9216K, 0% used [0x00000000f4b80000,0x00000000f4b80000,0x00000000f5480000)
  to   space 10240K, 0% used [0x00000000f4180000,0x00000000f4180000,0x00000000f4b80000)
 ParOldGen       total 49152K, used 15370K [0x00000000c2400000, 0x00000000c5400000, 0x00000000eb700000)
  object space 49152K, 31% used [0x00000000c2400000,0x00000000c33029c0,0x00000000c5400000)
 Metaspace       used 33694K, capacity 35420K, committed 35496K, reserved 1079296K
  class space    used 4674K, capacity 5009K, committed 5032K, reserved 1048576K
}
Event: 6.908 GC heap before
{Heap before GC invocations=13 (full 2):
 PSYoungGen      total 151040K, used 141824K [0x00000000eb700000, 0x00000000f6f80000, 0x0000000100000000)
  eden space 141824K, 100% used [0x00000000eb700000,0x00000000f4180000,0x00000000f4180000)
  from space 9216K, 0% used [0x00000000f4b80000,0x00000000f4b80000,0x00000000f5480000)
  to   space 10240K, 0% used [0x00000000f4180000,0x00000000f4180000,0x00000000f4b80000)
 ParOldGen       total 49152K, used 15370K [0x00000000c2400000, 0x00000000c5400000, 0x00000000eb700000)
  object space 49152K, 31% used [0x00000000c2400000,0x00000000c33029c0,0x00000000c5400000)
 Metaspace       used 47400K, capacity 49820K, committed 49960K, reserved 1091584K
  class space    used 6664K, capacity 7109K, committed 7208K, reserved 1048576K
Event: 6.929 GC heap after
Heap after GC invocations=13 (full 2):
 PSYoungGen      total 152064K, used 10220K [0x00000000eb700000, 0x00000000f8600000, 0x0000000100000000)
  eden space 141824K, 0% used [0x00000000eb700000,0x00000000eb700000,0x00000000f4180000)
  from space 10240K, 99% used [0x00000000f4180000,0x00000000f4b7b388,0x00000000f4b80000)
  to   space 14336K, 0% used [0x00000000f7800000,0x00000000f7800000,0x00000000f8600000)
 ParOldGen       total 49152K, used 22435K [0x00000000c2400000, 0x00000000c5400000, 0x00000000eb700000)
  object space 49152K, 45% used [0x00000000c2400000,0x00000000c39e8d20,0x00000000c5400000)
 Metaspace       used 47400K, capacity 49820K, committed 49960K, reserved 1091584K
  class space    used 6664K, capacity 7109K, committed 7208K, reserved 1048576K
}
Event: 20.798 GC heap before
{Heap before GC invocations=14 (full 2):
 PSYoungGen      total 152064K, used 127993K [0x00000000eb700000, 0x00000000f8600000, 0x0000000100000000)
  eden space 141824K, 83% used [0x00000000eb700000,0x00000000f2a032d0,0x00000000f4180000)
  from space 10240K, 99% used [0x00000000f4180000,0x00000000f4b7b388,0x00000000f4b80000)
  to   space 14336K, 0% used [0x00000000f7800000,0x00000000f7800000,0x00000000f8600000)
 ParOldGen       total 49152K, used 22435K [0x00000000c2400000, 0x00000000c5400000, 0x00000000eb700000)
  object space 49152K, 45% used [0x00000000c2400000,0x00000000c39e8d20,0x00000000c5400000)
 Metaspace       used 56079K, capacity 59078K, committed 59160K, reserved 1099776K
  class space    used 7590K, capacity 8092K, committed 8104K, reserved 1048576K
Event: 20.829 GC heap after
Heap after GC invocations=14 (full 2):
 PSYoungGen      total 190976K, used 13109K [0x00000000eb700000, 0x00000000f8500000, 0x0000000100000000)
  eden space 177664K, 0% used [0x00000000eb700000,0x00000000eb700000,0x00000000f6480000)
  from space 13312K, 98% used [0x00000000f7800000,0x00000000f84cd470,0x00000000f8500000)
  to   space 15872K, 0% used [0x00000000f6600000,0x00000000f6600000,0x00000000f7580000)
 ParOldGen       total 49152K, used 29199K [0x00000000c2400000, 0x00000000c5400000, 0x00000000eb700000)
  object space 49152K, 59% used [0x00000000c2400000,0x00000000c4083c38,0x00000000c5400000)
 Metaspace       used 56079K, capacity 59078K, committed 59160K, reserved 1099776K
  class space    used 7590K, capacity 8092K, committed 8104K, reserved 1048576K
}
Event: 20.829 GC heap before
{Heap before GC invocations=15 (full 3):
 PSYoungGen      total 190976K, used 13109K [0x00000000eb700000, 0x00000000f8500000, 0x0000000100000000)
  eden space 177664K, 0% used [0x00000000eb700000,0x00000000eb700000,0x00000000f6480000)
  from space 13312K, 98% used [0x00000000f7800000,0x00000000f84cd470,0x00000000f8500000)
  to   space 15872K, 0% used [0x00000000f6600000,0x00000000f6600000,0x00000000f7580000)
 ParOldGen       total 49152K, used 29199K [0x00000000c2400000, 0x00000000c5400000, 0x00000000eb700000)
  object space 49152K, 59% used [0x00000000c2400000,0x00000000c4083c38,0x00000000c5400000)
 Metaspace       used 56079K, capacity 59078K, committed 59160K, reserved 1099776K
  class space    used 7590K, capacity 8092K, committed 8104K, reserved 1048576K

