# JRE version: Java(TM) SE Runtime Environment (8.0_241-b07) (build 1.8.0_241-b07)
# Java VM: Java HotSpot(TM) 64-Bit Server VM (25.241-b07 mixed mode windows-amd64 compressed oops)
Heap:
 PSYoungGen      total 152064K, used 8476K [0x00000000eb700000, 0x00000000f7000000, 0x0000000100000000)
  eden space 142848K, 0% used [0x00000000eb700000,0x00000000eb700000,0x00000000f4280000)
  from space 9216K, 91% used [0x00000000f4c80000,0x00000000f54c73c0,0x00000000f5580000)
  to   space 10240K, 0% used [0x00000000f4280000,0x00000000f4280000,0x00000000f4c80000)
 ParOldGen       total 29696K, used 11629K [0x00000000c2400000, 0x00000000c4100000, 0x00000000eb700000)
  object space 29696K, 39% used [0x00000000c2400000,0x00000000c2f5b7c8,0x00000000c4100000)
 Metaspace       used 33670K, capacity 35416K, committed 35496K, reserved 1079296K
  class space    used 4670K, capacity 5009K, committed 5032K, reserved 1048576K
GC Heap History (10 events):
Event: 2.133 GC heap after
Heap after GC invocations=7 (full 0):
 PSYoungGen      total 69120K, used 2916K [0x00000000eb700000, 0x00000000f3e00000, 0x0000000100000000)
  eden space 62464K, 0% used [0x00000000eb700000,0x00000000eb700000,0x00000000ef400000)
  from space 6656K, 43% used [0x00000000ef400000,0x00000000ef6d9300,0x00000000efa80000)
  to   space 6656K, 0% used [0x00000000f3780000,0x00000000f3780000,0x00000000f3e00000)
 ParOldGen       total 42496K, used 10056K [0x00000000c2400000, 0x00000000c4d80000, 0x00000000eb700000)
  object space 42496K, 23% used [0x00000000c2400000,0x00000000c2dd23f0,0x00000000c4d80000)
 Metaspace       used 20550K, capacity 21196K, committed 21296K, reserved 1067008K
  class space    used 2742K, capacity 2923K, committed 2944K, reserved 1048576K
}
Event: 2.133 GC heap before
{Heap before GC invocations=8 (full 1):
 PSYoungGen      total 69120K, used 2916K [0x00000000eb700000, 0x00000000f3e00000, 0x0000000100000000)
  eden space 62464K, 0% used [0x00000000eb700000,0x00000000eb700000,0x00000000ef400000)
  from space 6656K, 43% used [0x00000000ef400000,0x00000000ef6d9300,0x00000000efa80000)
  to   space 6656K, 0% used [0x00000000f3780000,0x00000000f3780000,0x00000000f3e00000)
 ParOldGen       total 42496K, used 10056K [0x00000000c2400000, 0x00000000c4d80000, 0x00000000eb700000)
  object space 42496K, 23% used [0x00000000c2400000,0x00000000c2dd23f0,0x00000000c4d80000)
 Metaspace       used 20550K, capacity 21196K, committed 21296K, reserved 1067008K
  class space    used 2742K, capacity 2923K, committed 2944K, reserved 1048576K
Event: 2.177 GC heap after
Heap after GC invocations=8 (full 1):
 PSYoungGen      total 69120K, used 0K [0x00000000eb700000, 0x00000000f3e00000, 0x0000000100000000)
  eden space 62464K, 0% used [0x00000000eb700000,0x00000000eb700000,0x00000000ef400000)
  from space 6656K, 0% used [0x00000000ef400000,0x00000000ef400000,0x00000000efa80000)
  to   space 6656K, 0% used [0x00000000f3780000,0x00000000f3780000,0x00000000f3e00000)
 ParOldGen       total 29696K, used 6056K [0x00000000c2400000, 0x00000000c4100000, 0x00000000eb700000)
  object space 29696K, 20% used [0x00000000c2400000,0x00000000c29ea3d0,0x00000000c4100000)
 Metaspace       used 20547K, capacity 21184K, committed 21296K, reserved 1067008K
  class space    used 2741K, capacity 2921K, committed 2944K, reserved 1048576K
}
Event: 2.922 GC heap before
{Heap before GC invocations=9 (full 1):
 PSYoungGen      total 69120K, used 62464K [0x00000000eb700000, 0x00000000f3e00000, 0x0000000100000000)
  eden space 62464K, 100% used [0x00000000eb700000,0x00000000ef400000,0x00000000ef400000)
  from space 6656K, 0% used [0x00000000ef400000,0x00000000ef400000,0x00000000efa80000)
  to   space 6656K, 0% used [0x00000000f3780000,0x00000000f3780000,0x00000000f3e00000)
 ParOldGen       total 29696K, used 6056K [0x00000000c2400000, 0x00000000c4100000, 0x00000000eb700000)
  object space 29696K, 20% used [0x00000000c2400000,0x00000000c29ea3d0,0x00000000c4100000)
 Metaspace       used 23283K, capacity 24348K, committed 24448K, reserved 1071104K
  class space    used 3198K, capacity 3439K, committed 3456K, reserved 1048576K
Event: 2.931 GC heap after
Heap after GC invocations=9 (full 1):
 PSYoungGen      total 110592K, used 5869K [0x00000000eb700000, 0x00000000f3d80000, 0x0000000100000000)
  eden space 104448K, 0% used [0x00000000eb700000,0x00000000eb700000,0x00000000f1d00000)
  from space 6144K, 95% used [0x00000000f3780000,0x00000000f3d3b5d8,0x00000000f3d80000)
  to   space 7168K, 0% used [0x00000000f2f80000,0x00000000f2f80000,0x00000000f3680000)
 ParOldGen       total 29696K, used 6064K [0x00000000c2400000, 0x00000000c4100000, 0x00000000eb700000)
  object space 29696K, 20% used [0x00000000c2400000,0x00000000c29ec3d0,0x00000000c4100000)
 Metaspace       used 23283K, capacity 24348K, committed 24448K, reserved 1071104K
  class space    used 3198K, capacity 3439K, committed 3456K, reserved 1048576K
}
Event: 3.974 GC heap before
{Heap before GC invocations=10 (full 1):
 PSYoungGen      total 110592K, used 110317K [0x00000000eb700000, 0x00000000f3d80000, 0x0000000100000000)
  eden space 104448K, 100% used [0x00000000eb700000,0x00000000f1d00000,0x00000000f1d00000)
  from space 6144K, 95% used [0x00000000f3780000,0x00000000f3d3b5d8,0x00000000f3d80000)
  to   space 7168K, 0% used [0x00000000f2f80000,0x00000000f2f80000,0x00000000f3680000)
 ParOldGen       total 29696K, used 6064K [0x00000000c2400000, 0x00000000c4100000, 0x00000000eb700000)
  object space 29696K, 20% used [0x00000000c2400000,0x00000000c29ec3d0,0x00000000c4100000)
 Metaspace       used 29574K, capacity 31182K, committed 31488K, reserved 1077248K
  class space    used 4017K, capacity 4324K, committed 4352K, reserved 1048576K
Event: 3.987 GC heap after
Heap after GC invocations=10 (full 1):
 PSYoungGen      total 130560K, used 7153K [0x00000000eb700000, 0x00000000f5580000, 0x0000000100000000)
  eden space 123392K, 0% used [0x00000000eb700000,0x00000000eb700000,0x00000000f2f80000)
  from space 7168K, 99% used [0x00000000f2f80000,0x00000000f367c670,0x00000000f3680000)
  to   space 9216K, 0% used [0x00000000f4c80000,0x00000000f4c80000,0x00000000f5580000)
 ParOldGen       total 29696K, used 9461K [0x00000000c2400000, 0x00000000c4100000, 0x00000000eb700000)
  object space 29696K, 31% used [0x00000000c2400000,0x00000000c2d3d670,0x00000000c4100000)
 Metaspace       used 29574K, capacity 31182K, committed 31488K, reserved 1077248K
  class space    used 4017K, capacity 4324K, committed 4352K, reserved 1048576K
}
Event: 4.507 GC heap before
{Heap before GC invocations=11 (full 1):
 PSYoungGen      total 130560K, used 43687K [0x00000000eb700000, 0x00000000f5580000, 0x0000000100000000)
  eden space 123392K, 29% used [0x00000000eb700000,0x00000000edaad978,0x00000000f2f80000)
  from space 7168K, 99% used [0x00000000f2f80000,0x00000000f367c670,0x00000000f3680000)
  to   space 9216K, 0% used [0x00000000f4c80000,0x00000000f4c80000,0x00000000f5580000)
 ParOldGen       total 29696K, used 9461K [0x00000000c2400000, 0x00000000c4100000, 0x00000000eb700000)
  object space 29696K, 31% used [0x00000000c2400000,0x00000000c2d3d670,0x00000000c4100000)
 Metaspace       used 33670K, capacity 35416K, committed 35496K, reserved 1079296K
  class space    used 4670K, capacity 5009K, committed 5032K, reserved 1048576K
Event: 4.522 GC heap after
Heap after GC invocations=11 (full 1):
 PSYoungGen      total 152064K, used 8476K [0x00000000eb700000, 0x00000000f7000000, 0x0000000100000000)
  eden space 142848K, 0% used [0x00000000eb700000,0x00000000eb700000,0x00000000f4280000)
  from space 9216K, 91% used [0x00000000f4c80000,0x00000000f54c73c0,0x00000000f5580000)
  to   space 10240K, 0% used [0x00000000f4280000,0x00000000f4280000,0x00000000f4c80000)
 ParOldGen       total 29696K, used 11629K [0x00000000c2400000, 0x00000000c4100000, 0x00000000eb700000)
  object space 29696K, 39% used [0x00000000c2400000,0x00000000c2f5b7c8,0x00000000c4100000)
 Metaspace       used 33670K, capacity 35416K, committed 35496K, reserved 1079296K
  class space    used 4670K, capacity 5009K, committed 5032K, reserved 1048576K
}
Event: 4.522 GC heap before
{Heap before GC invocations=12 (full 2):
 PSYoungGen      total 152064K, used 8476K [0x00000000eb700000, 0x00000000f7000000, 0x0000000100000000)
  eden space 142848K, 0% used [0x00000000eb700000,0x00000000eb700000,0x00000000f4280000)
  from space 9216K, 91% used [0x00000000f4c80000,0x00000000f54c73c0,0x00000000f5580000)
  to   space 10240K, 0% used [0x00000000f4280000,0x00000000f4280000,0x00000000f4c80000)
 ParOldGen       total 29696K, used 11629K [0x00000000c2400000, 0x00000000c4100000, 0x00000000eb700000)
  object space 29696K, 39% used [0x00000000c2400000,0x00000000c2f5b7c8,0x00000000c4100000)
 Metaspace       used 33670K, capacity 35416K, committed 35496K, reserved 1079296K
  class space    used 4670K, capacity 5009K, committed 5032K, reserved 1048576K

